<?xml version="1.0" encoding="UTF-8"?>
<!-- Generated by org.testng.reporters.JUnitXMLReporter -->
<testsuite hostname="SVINDK00069" ignored="0" name="Base Class" tests="8" failures="4" timestamp="2019-10-04T14:40:31 IST" time="228.504" errors="0">
  <testcase name="function1" time="67.906" classname="qa.reportValidation.testScript.web.BaseClass">
    <failure type="java.lang.AssertionError" message="expected [true] but found [false]">
      <![CDATA[java.lang.AssertionError: expected [true] but found [false]
at qa.reportValidation.testScript.web.BaseClass.function1(BaseClass.java:30)
at java.util.ArrayList.forEach(Unknown Source)
... Removed 32 stack frames]]>
    </failure>
  </testcase> <!-- function1 -->
  <testcase name="function2" time="34.44" classname="qa.reportValidation.testScript.web.BaseClass"/>
  <testcase name="function3" time="27.887" classname="qa.reportValidation.testScript.web.BaseClass">
    <failure type="java.lang.AssertionError" message="expected [true] but found [false]">
      <![CDATA[java.lang.AssertionError: expected [true] but found [false]
at qa.reportValidation.testScript.web.BaseClass.function3(BaseClass.java:54)
at java.util.ArrayList.forEach(Unknown Source)
... Removed 32 stack frames]]>
    </failure>
  </testcase> <!-- function3 -->
  <testcase name="function4" time="20.151" classname="qa.reportValidation.testScript.web.BaseClass"/>
  <testcase name="function5" time="27.178" classname="qa.reportValidation.testScript.web.BaseClass"/>
  <testcase name="function6" time="11.578" classname="qa.reportValidation.testScript.web.BaseClass"/>
  <testcase name="function7" time="10.392" classname="qa.reportValidation.testScript.web.BaseClass">
    <failure type="java.lang.AssertionError" message="expected [true] but found [false]">
      <![CDATA[java.lang.AssertionError: expected [true] but found [false]
at qa.reportValidation.testScript.web.BaseClass.function7(BaseClass.java:107)
at java.util.ArrayList.forEach(Unknown Source)
... Removed 32 stack frames]]>
    </failure>
  </testcase> <!-- function7 -->
  <testcase name="function8" time="15.901" classname="qa.reportValidation.testScript.web.BaseClass">
    <failure type="java.lang.AssertionError" message="expected [true] but found [false]">
      <![CDATA[java.lang.AssertionError: expected [true] but found [false]
at qa.reportValidation.testScript.web.BaseClass.function8(BaseClass.java:120)
at java.util.ArrayList.forEach(Unknown Source)
... Removed 32 stack frames]]>
    </failure>
  </testcase> <!-- function8 -->
</testsuite> <!-- Base Class -->
