<?xml version="1.0" encoding="UTF-8"?>
<!-- Generated by org.testng.reporters.JUnitXMLReporter -->
<testsuite hostname="SVINDK00069" ignored="0" name="Base Class" tests="8" failures="4" timestamp="2019-10-04T19:34:53 IST" time="192.786" errors="0">
  <testcase name="testCase1" time="36.86" classname="qa.reportValidation.testScript.web.BaseClass">
    <failure type="java.lang.AssertionError" message="expected [true] but found [false]">
      <![CDATA[java.lang.AssertionError: expected [true] but found [false]
at qa.reportValidation.testScript.web.BaseClass.testCase1(BaseClass.java:29)
at java.util.ArrayList.forEach(Unknown Source)
... Removed 32 stack frames]]>
    </failure>
  </testcase> <!-- testCase1 -->
  <testcase name="testCase2" time="25.295" classname="qa.reportValidation.testScript.web.BaseClass"/>
  <testcase name="testCase3" time="20.831" classname="qa.reportValidation.testScript.web.BaseClass">
    <failure type="java.lang.AssertionError" message="expected [true] but found [false]">
      <![CDATA[java.lang.AssertionError: expected [true] but found [false]
at qa.reportValidation.testScript.web.BaseClass.testCase3(BaseClass.java:51)
at java.util.ArrayList.forEach(Unknown Source)
... Removed 32 stack frames]]>
    </failure>
  </testcase> <!-- testCase3 -->
  <testcase name="testCase4" time="12.212" classname="qa.reportValidation.testScript.web.BaseClass"/>
  <testcase name="testCase5" time="8.987" classname="qa.reportValidation.testScript.web.BaseClass"/>
  <testcase name="testCase6" time="21.987" classname="qa.reportValidation.testScript.web.BaseClass"/>
  <testcase name="testCase7" time="25.93" classname="qa.reportValidation.testScript.web.BaseClass">
    <failure type="java.lang.AssertionError" message="expected [true] but found [false]">
      <![CDATA[java.lang.AssertionError: expected [true] but found [false]
at qa.reportValidation.testScript.web.BaseClass.testCase7(BaseClass.java:100)
at java.util.ArrayList.forEach(Unknown Source)
... Removed 32 stack frames]]>
    </failure>
  </testcase> <!-- testCase7 -->
  <testcase name="testCase8" time="23.118" classname="qa.reportValidation.testScript.web.BaseClass">
    <failure type="java.lang.AssertionError" message="expected [true] but found [false]">
      <![CDATA[java.lang.AssertionError: expected [true] but found [false]
at qa.reportValidation.testScript.web.BaseClass.testCase8(BaseClass.java:112)
at java.util.ArrayList.forEach(Unknown Source)
... Removed 32 stack frames]]>
    </failure>
  </testcase> <!-- testCase8 -->
</testsuite> <!-- Base Class -->
