<!DOCTYPE html PUBLIC "-//W3C//DTD XHTML 1.1//EN" "http://www.w3.org/TR/xhtml11/DTD/xhtml11.dtd">
<html xmlns="http://www.w3.org/1999/xhtml">
<head>
<meta http-equiv="content-type" content="text/html; charset=UTF-8"/>
<title>TestNG Report</title>
<style type="text/css">table {margin-bottom:10px;border-collapse:collapse;empty-cells:show}th,td {border:1px solid #009;padding:.25em .5em}th {vertical-align:bottom}td {vertical-align:top}table a {font-weight:bold}.stripe td {background-color: #E6EBF9}.num {text-align:right}.passedodd td {background-color: #3F3}.passedeven td {background-color: #0A0}.skippedodd td {background-color: #DDD}.skippedeven td {background-color: #CCC}.failedodd td,.attn {background-color: #F33}.failedeven td,.stripe .attn {background-color: #D00}.stacktrace {white-space:pre;font-family:monospace}.totop {font-size:85%;text-align:center;border-bottom:2px solid #000}.invisible {display:none}</style>
</head>
<body>
<table>
<tr><th>Test</th><th># Passed</th><th># Skipped</th><th># Retried</th><th># Failed</th><th>Time (ms)</th><th>Included Groups</th><th>Excluded Groups</th></tr>
<tr><th colspan="7">Automation Framework</th></tr>
<tr><td><a href="#t0">Base Class</a></td><td class="num">4</td><td class="num">0</td><td class="num">0</td><td class="num attn">4</td><td class="num">192,786</td><td></td><td></td></tr>
</table>
<table id='summary'><thead><tr><th>Class</th><th>Method</th><th>Start</th><th>Time (ms)</th></tr></thead><tbody><tr><th colspan="4">Automation Framework</th></tr></tbody><tbody id="t0"><tr><th colspan="4">Base Class &#8212; failed</th></tr><tr class="failedeven"><td rowspan="4">qa.reportValidation.testScript.web.BaseClass</td><td><a href="#m0">testCase1</a></td><td rowspan="1">1570197714647</td><td rowspan="1">36860</td></tr><tr class="failedeven"><td><a href="#m1">testCase3</a></td><td rowspan="1">1570197776829</td><td rowspan="1">20831</td></tr><tr class="failedeven"><td><a href="#m2">testCase7</a></td><td rowspan="1">1570197840853</td><td rowspan="1">25930</td></tr><tr class="failedeven"><td><a href="#m3">testCase8</a></td><td rowspan="1">1570197866785</td><td rowspan="1">23118</td></tr><tr><th colspan="4">Base Class &#8212; passed</th></tr><tr class="passedeven"><td rowspan="4">qa.reportValidation.testScript.web.BaseClass</td><td><a href="#m4">testCase2</a></td><td rowspan="1">1570197751533</td><td rowspan="1">25295</td></tr><tr class="passedeven"><td><a href="#m5">testCase4</a></td><td rowspan="1">1570197797662</td><td rowspan="1">12212</td></tr><tr class="passedeven"><td><a href="#m6">testCase5</a></td><td rowspan="1">1570197809876</td><td rowspan="1">8987</td></tr><tr class="passedeven"><td><a href="#m7">testCase6</a></td><td rowspan="1">1570197818864</td><td rowspan="1">21987</td></tr></tbody>
</table>
<h2>Base Class</h2><h3 id="m0">qa.reportValidation.testScript.web.BaseClass#testCase1</h3><table class="result"><tr><th>Exception</th></tr><tr><td><div class="stacktrace">java.lang.AssertionError: expected [true] but found [false]
	at qa.reportValidation.testScript.web.BaseClass.testCase1(BaseClass.java:29)
	at java.util.ArrayList.forEach(Unknown Source)
... Removed 32 stack frames</div></td></tr></table><p class="totop"><a href="#summary">back to summary</a></p>
<h3 id="m1">qa.reportValidation.testScript.web.BaseClass#testCase3</h3><table class="result"><tr><th>Exception</th></tr><tr><td><div class="stacktrace">java.lang.AssertionError: expected [true] but found [false]
	at qa.reportValidation.testScript.web.BaseClass.testCase3(BaseClass.java:51)
	at java.util.ArrayList.forEach(Unknown Source)
... Removed 32 stack frames</div></td></tr></table><p class="totop"><a href="#summary">back to summary</a></p>
<h3 id="m2">qa.reportValidation.testScript.web.BaseClass#testCase7</h3><table class="result"><tr><th>Exception</th></tr><tr><td><div class="stacktrace">java.lang.AssertionError: expected [true] but found [false]
	at qa.reportValidation.testScript.web.BaseClass.testCase7(BaseClass.java:100)
	at java.util.ArrayList.forEach(Unknown Source)
... Removed 32 stack frames</div></td></tr></table><p class="totop"><a href="#summary">back to summary</a></p>
<h3 id="m3">qa.reportValidation.testScript.web.BaseClass#testCase8</h3><table class="result"><tr><th>Exception</th></tr><tr><td><div class="stacktrace">java.lang.AssertionError: expected [true] but found [false]
	at qa.reportValidation.testScript.web.BaseClass.testCase8(BaseClass.java:112)
	at java.util.ArrayList.forEach(Unknown Source)
... Removed 32 stack frames</div></td></tr></table><p class="totop"><a href="#summary">back to summary</a></p>
<h3 id="m4">qa.reportValidation.testScript.web.BaseClass#testCase2</h3><table class="result"><tr><th class="invisible"/></tr></table><p class="totop"><a href="#summary">back to summary</a></p>
<h3 id="m5">qa.reportValidation.testScript.web.BaseClass#testCase4</h3><table class="result"><tr><th class="invisible"/></tr></table><p class="totop"><a href="#summary">back to summary</a></p>
<h3 id="m6">qa.reportValidation.testScript.web.BaseClass#testCase5</h3><table class="result"><tr><th class="invisible"/></tr></table><p class="totop"><a href="#summary">back to summary</a></p>
<h3 id="m7">qa.reportValidation.testScript.web.BaseClass#testCase6</h3><table class="result"><tr><th class="invisible"/></tr></table><p class="totop"><a href="#summary">back to summary</a></p>
</body>
</html>
